[Mon Jan 26 13:47:21 2026] PHP 8.3.6 Development Server (http://localhost:8000) started
[Mon Jan 26 13:47:22 2026] [::1]:52360 Accepted
[Mon Jan 26 13:47:22 2026] [::1]:52360 [200]: GET /login.php
[Mon Jan 26 13:47:22 2026] [::1]:52360 Closing
[Mon Jan 26 13:47:23 2026] [::1]:52364 Accepted
[Mon Jan 26 13:47:23 2026] [::1]:52364 [200]: GET /assets/css/modern.css
[Mon Jan 26 13:47:23 2026] [::1]:52364 Closing
[Mon Jan 26 13:47:23 2026] [::1]:52378 Accepted
[Mon Jan 26 13:47:23 2026] [::1]:52378 [302]: POST /login.php
[Mon Jan 26 13:47:23 2026] [::1]:52378 Closing
[Mon Jan 26 13:47:23 2026] [::1]:52380 Accepted
[Mon Jan 26 13:47:23 2026] [::1]:52380 [200]: GET /
[Mon Jan 26 13:47:23 2026] [::1]:52380 Closing
[Mon Jan 26 13:47:23 2026] [::1]:52386 Accepted
[Mon Jan 26 13:47:23 2026] [::1]:52386 [200]: GET /assets/css/modern.css
[Mon Jan 26 13:47:23 2026] [::1]:52386 Closing
[Mon Jan 26 13:47:23 2026] [::1]:52398 Accepted
[Mon Jan 26 13:47:23 2026] PHP Warning:  require_once(../../includes/helpers.php): Failed to open stream: No such file or directory in /app/modules/exam/manage_subjects.php on line 4
[Mon Jan 26 13:47:23 2026] PHP Fatal error:  Uncaught Error: Failed opening required '../../includes/helpers.php' (include_path='.:/usr/share/php') in /app/modules/exam/manage_subjects.php:4
Stack trace:
#0 {main}
  thrown in /app/modules/exam/manage_subjects.php on line 4
[Mon Jan 26 13:47:23 2026] [::1]:52398 [500]: GET /modules/exam/manage_subjects.php - Uncaught Error: Failed opening required '../../includes/helpers.php' (include_path='.:/usr/share/php') in /app/modules/exam/manage_subjects.php:4
Stack trace:
#0 {main}
  thrown in /app/modules/exam/manage_subjects.php on line 4
[Mon Jan 26 13:47:23 2026] [::1]:52398 Closing
[Mon Jan 26 13:48:52 2026] [::1]:41980 Accepted
[Mon Jan 26 13:48:52 2026] [::1]:41980 [200]: GET /login.php
[Mon Jan 26 13:48:52 2026] [::1]:41980 Closing
[Mon Jan 26 13:48:52 2026] [::1]:41986 Accepted
[Mon Jan 26 13:48:52 2026] [::1]:41986 [200]: GET /assets/css/modern.css
[Mon Jan 26 13:48:52 2026] [::1]:41986 Closing
[Mon Jan 26 13:48:52 2026] [::1]:41998 Accepted
[Mon Jan 26 13:48:52 2026] [::1]:41998 [302]: POST /login.php
[Mon Jan 26 13:48:52 2026] [::1]:41998 Closing
[Mon Jan 26 13:48:52 2026] [::1]:42004 Accepted
[Mon Jan 26 13:48:52 2026] [::1]:42004 [200]: GET /
[Mon Jan 26 13:48:52 2026] [::1]:42004 Closing
[Mon Jan 26 13:48:52 2026] [::1]:42014 Accepted
[Mon Jan 26 13:48:52 2026] [::1]:42014 [200]: GET /assets/css/modern.css
[Mon Jan 26 13:48:52 2026] [::1]:42014 Closing
[Mon Jan 26 13:48:53 2026] [::1]:42016 Accepted
[Mon Jan 26 13:48:53 2026] [::1]:42016 [200]: GET /modules/exam/manage_subjects.php
[Mon Jan 26 13:48:53 2026] [::1]:42016 Closing
[Mon Jan 26 13:48:53 2026] [::1]:42018 Accepted
[Mon Jan 26 13:48:53 2026] [::1]:42018 [200]: GET /assets/css/modern.css
[Mon Jan 26 13:48:53 2026] [::1]:42018 Closing
[Mon Jan 26 13:48:53 2026] [::1]:42026 Accepted
[Mon Jan 26 13:48:53 2026] [::1]:42026 [200]: POST /modules/exam/manage_subjects.php
[Mon Jan 26 13:48:53 2026] [::1]:42026 Closing
[Mon Jan 26 13:48:53 2026] [::1]:42038 Accepted
[Mon Jan 26 13:48:53 2026] [::1]:42038 [200]: GET /assets/css/modern.css
[Mon Jan 26 13:48:53 2026] [::1]:42038 Closing
[Mon Jan 26 13:48:54 2026] [::1]:42046 Accepted
[Mon Jan 26 13:48:54 2026] [::1]:42046 [200]: GET /modules/exam/manage_exams.php
[Mon Jan 26 13:48:54 2026] [::1]:42046 Closing
[Mon Jan 26 13:48:54 2026] [::1]:42054 Accepted
[Mon Jan 26 13:48:54 2026] [::1]:42054 [200]: GET /assets/css/modern.css
[Mon Jan 26 13:48:54 2026] [::1]:42054 Closing
[Mon Jan 26 13:48:55 2026] [::1]:42062 Accepted
[Mon Jan 26 13:48:55 2026] [::1]:42062 [200]: POST /modules/exam/manage_exams.php
[Mon Jan 26 13:48:55 2026] [::1]:42062 Closing
[Mon Jan 26 13:48:55 2026] [::1]:42076 Accepted
[Mon Jan 26 13:48:55 2026] [::1]:42076 [200]: GET /assets/css/modern.css
[Mon Jan 26 13:48:55 2026] [::1]:42076 Closing
[Mon Jan 26 13:48:56 2026] [::1]:42078 Accepted
[Mon Jan 26 13:48:56 2026] [::1]:42078 [200]: GET /modules/exam/timetable.php?exam_id=1
[Mon Jan 26 13:48:56 2026] [::1]:42078 Closing
[Mon Jan 26 13:48:56 2026] [::1]:42088 Accepted
[Mon Jan 26 13:48:56 2026] [::1]:42088 [200]: GET /assets/css/modern.css
[Mon Jan 26 13:48:56 2026] [::1]:42088 Closing
[Mon Jan 26 13:50:09 2026] [::1]:35604 Accepted
[Mon Jan 26 13:50:09 2026] [::1]:35604 [200]: GET /login.php
[Mon Jan 26 13:50:09 2026] [::1]:35604 Closing
[Mon Jan 26 13:50:09 2026] [::1]:35612 Accepted
[Mon Jan 26 13:50:09 2026] [::1]:35612 [200]: GET /assets/css/modern.css
[Mon Jan 26 13:50:09 2026] [::1]:35612 Closing
[Mon Jan 26 13:50:09 2026] [::1]:35624 Accepted
[Mon Jan 26 13:50:09 2026] [::1]:35624 [302]: POST /login.php
[Mon Jan 26 13:50:09 2026] [::1]:35624 Closing
[Mon Jan 26 13:50:09 2026] [::1]:35632 Accepted
[Mon Jan 26 13:50:09 2026] [::1]:35632 [200]: GET /
[Mon Jan 26 13:50:09 2026] [::1]:35632 Closing
[Mon Jan 26 13:50:09 2026] [::1]:35648 Accepted
[Mon Jan 26 13:50:09 2026] [::1]:35648 [200]: GET /assets/css/modern.css
[Mon Jan 26 13:50:09 2026] [::1]:35648 Closing
[Mon Jan 26 13:50:10 2026] [::1]:35664 Accepted
[Mon Jan 26 13:50:10 2026] [::1]:35664 [200]: GET /modules/exam/manage_subjects.php
[Mon Jan 26 13:50:10 2026] [::1]:35664 Closing
[Mon Jan 26 13:50:10 2026] [::1]:35676 Accepted
[Mon Jan 26 13:50:10 2026] [::1]:35676 [200]: GET /assets/css/modern.css
[Mon Jan 26 13:50:10 2026] [::1]:35676 Closing
[Mon Jan 26 13:50:10 2026] [::1]:35690 Accepted
[Mon Jan 26 13:50:10 2026] [::1]:35690 [200]: POST /modules/exam/manage_subjects.php
[Mon Jan 26 13:50:10 2026] [::1]:35690 Closing
[Mon Jan 26 13:50:10 2026] [::1]:35706 Accepted
[Mon Jan 26 13:50:10 2026] [::1]:35706 [200]: GET /assets/css/modern.css
[Mon Jan 26 13:50:10 2026] [::1]:35706 Closing
[Mon Jan 26 13:50:11 2026] [::1]:35722 Accepted
[Mon Jan 26 13:50:11 2026] [::1]:35722 [200]: GET /modules/exam/manage_exams.php
[Mon Jan 26 13:50:11 2026] [::1]:35722 Closing
[Mon Jan 26 13:50:11 2026] [::1]:35730 Accepted
[Mon Jan 26 13:50:11 2026] [::1]:35730 [200]: GET /assets/css/modern.css
[Mon Jan 26 13:50:11 2026] [::1]:35730 Closing
[Mon Jan 26 13:50:12 2026] [::1]:35736 Accepted
[Mon Jan 26 13:50:12 2026] [::1]:35736 [200]: POST /modules/exam/manage_exams.php
[Mon Jan 26 13:50:12 2026] [::1]:35736 Closing
[Mon Jan 26 13:50:12 2026] [::1]:35740 Accepted
[Mon Jan 26 13:50:12 2026] [::1]:35740 [200]: GET /assets/css/modern.css
[Mon Jan 26 13:50:12 2026] [::1]:35740 Closing
[Mon Jan 26 13:50:13 2026] [::1]:35754 Accepted
[Mon Jan 26 13:50:13 2026] [::1]:35754 [200]: GET /modules/exam/timetable.php?exam_id=2
[Mon Jan 26 13:50:13 2026] [::1]:35754 Closing
[Mon Jan 26 13:50:13 2026] [::1]:35770 Accepted
[Mon Jan 26 13:50:13 2026] [::1]:35770 [200]: GET /assets/css/modern.css
[Mon Jan 26 13:50:13 2026] [::1]:35770 Closing
[Mon Jan 26 13:50:13 2026] [::1]:35776 Accepted
[Mon Jan 26 13:50:13 2026] [::1]:35776 [200]: POST /modules/exam/timetable.php?exam_id=2
[Mon Jan 26 13:50:13 2026] [::1]:35776 Closing
[Mon Jan 26 13:50:13 2026] [::1]:35780 Accepted
[Mon Jan 26 13:50:13 2026] [::1]:35780 [200]: GET /assets/css/modern.css
[Mon Jan 26 13:50:13 2026] [::1]:35780 Closing
[Mon Jan 26 13:50:14 2026] [::1]:35790 Accepted
[Mon Jan 26 13:50:14 2026] [::1]:35790 [302]: GET /logout.php
[Mon Jan 26 13:50:14 2026] [::1]:35790 Closing
[Mon Jan 26 13:50:14 2026] [::1]:35802 Accepted
[Mon Jan 26 13:50:14 2026] [::1]:35802 [200]: GET /login.php
[Mon Jan 26 13:50:14 2026] [::1]:35802 Closing
[Mon Jan 26 13:50:14 2026] [::1]:35816 Accepted
[Mon Jan 26 13:50:14 2026] [::1]:35816 [200]: GET /assets/css/modern.css
[Mon Jan 26 13:50:14 2026] [::1]:35816 Closing
[Mon Jan 26 13:50:14 2026] [::1]:35828 Accepted
[Mon Jan 26 13:50:14 2026] [::1]:35828 [200]: GET /login.php
[Mon Jan 26 13:50:14 2026] [::1]:35828 Closing
[Mon Jan 26 13:50:14 2026] [::1]:35834 Accepted
[Mon Jan 26 13:50:14 2026] [::1]:35834 [200]: GET /assets/css/modern.css
[Mon Jan 26 13:50:14 2026] [::1]:35834 Closing
[Mon Jan 26 13:50:14 2026] [::1]:35850 Accepted
[Mon Jan 26 13:50:14 2026] [::1]:35850 [302]: POST /login.php
[Mon Jan 26 13:50:14 2026] [::1]:35850 Closing
[Mon Jan 26 13:50:14 2026] [::1]:35866 Accepted
[Mon Jan 26 13:50:14 2026] [::1]:35866 [200]: GET /
[Mon Jan 26 13:50:14 2026] [::1]:35866 Closing
[Mon Jan 26 13:50:14 2026] [::1]:35878 Accepted
[Mon Jan 26 13:50:14 2026] [::1]:35878 [200]: GET /assets/css/modern.css
[Mon Jan 26 13:50:14 2026] [::1]:35878 Closing
[Mon Jan 26 13:50:15 2026] [::1]:35892 Accepted
[Mon Jan 26 13:50:15 2026] [::1]:35892 [200]: GET /modules/exam/admit_card.php
[Mon Jan 26 13:50:15 2026] [::1]:35892 Closing
[Mon Jan 26 13:50:15 2026] [::1]:35900 Accepted
[Mon Jan 26 13:50:15 2026] [::1]:35900 [200]: GET /assets/css/modern.css
[Mon Jan 26 13:50:15 2026] [::1]:35900 Closing
[Mon Jan 26 13:50:15 2026] [::1]:35916 Accepted
[Mon Jan 26 13:50:15 2026] [::1]:35916 [200]: GET /modules/exam/admit_card.php?exam_id=1
[Mon Jan 26 13:50:15 2026] [::1]:35916 Closing
[Mon Jan 26 13:50:15 2026] [::1]:35928 Accepted
[Mon Jan 26 13:50:15 2026] [::1]:35928 [302]: GET /logout.php
[Mon Jan 26 13:50:15 2026] [::1]:35928 Closing
[Mon Jan 26 13:50:15 2026] [::1]:35942 Accepted
[Mon Jan 26 13:50:15 2026] [::1]:35942 [200]: GET /login.php
[Mon Jan 26 13:50:15 2026] [::1]:35942 Closing
[Mon Jan 26 13:50:15 2026] [::1]:35950 Accepted
[Mon Jan 26 13:50:15 2026] [::1]:35950 [200]: GET /assets/css/modern.css
[Mon Jan 26 13:50:15 2026] [::1]:35950 Closing
[Mon Jan 26 13:50:15 2026] [::1]:35956 Accepted
[Mon Jan 26 13:50:15 2026] [::1]:35956 [200]: GET /login.php
[Mon Jan 26 13:50:15 2026] [::1]:35956 Closing
[Mon Jan 26 13:50:15 2026] [::1]:35968 Accepted
[Mon Jan 26 13:50:15 2026] [::1]:35968 [200]: GET /assets/css/modern.css
[Mon Jan 26 13:50:15 2026] [::1]:35968 Closing
[Mon Jan 26 13:50:15 2026] [::1]:35972 Accepted
[Mon Jan 26 13:50:15 2026] [::1]:35972 [302]: POST /login.php
[Mon Jan 26 13:50:15 2026] [::1]:35972 Closing
[Mon Jan 26 13:50:15 2026] [::1]:35988 Accepted
[Mon Jan 26 13:50:15 2026] [::1]:35988 [200]: GET /
[Mon Jan 26 13:50:15 2026] [::1]:35988 Closing
[Mon Jan 26 13:50:15 2026] [::1]:36004 Accepted
[Mon Jan 26 13:50:15 2026] [::1]:36004 [200]: GET /assets/css/modern.css
[Mon Jan 26 13:50:15 2026] [::1]:36004 Closing
[Mon Jan 26 13:50:15 2026] [::1]:36010 Accepted
[Mon Jan 26 13:50:15 2026] [::1]:36010 [200]: GET /modules/exam/marks_entry.php
[Mon Jan 26 13:50:15 2026] [::1]:36010 Closing
[Mon Jan 26 13:50:15 2026] [::1]:36022 Accepted
[Mon Jan 26 13:50:15 2026] [::1]:36022 [200]: GET /assets/css/modern.css
[Mon Jan 26 13:50:15 2026] [::1]:36022 Closing
[Mon Jan 26 13:51:31 2026] [::1]:38344 Accepted
[Mon Jan 26 13:51:31 2026] [::1]:38344 [200]: GET /login.php
[Mon Jan 26 13:51:31 2026] [::1]:38344 Closing
[Mon Jan 26 13:51:31 2026] [::1]:38348 Accepted
[Mon Jan 26 13:51:31 2026] [::1]:38348 [200]: GET /assets/css/modern.css
[Mon Jan 26 13:51:31 2026] [::1]:38348 Closing
[Mon Jan 26 13:51:31 2026] [::1]:38350 Accepted
[Mon Jan 26 13:51:31 2026] [::1]:38350 [302]: POST /login.php
[Mon Jan 26 13:51:31 2026] [::1]:38350 Closing
[Mon Jan 26 13:51:31 2026] [::1]:38354 Accepted
[Mon Jan 26 13:51:31 2026] [::1]:38354 [200]: GET /
[Mon Jan 26 13:51:31 2026] [::1]:38354 Closing
[Mon Jan 26 13:51:31 2026] [::1]:38360 Accepted
[Mon Jan 26 13:51:31 2026] [::1]:38360 [200]: GET /assets/css/modern.css
[Mon Jan 26 13:51:31 2026] [::1]:38360 Closing
[Mon Jan 26 13:51:31 2026] [::1]:38372 Accepted
[Mon Jan 26 13:51:31 2026] [::1]:38372 [200]: GET /modules/exam/manage_subjects.php
[Mon Jan 26 13:51:31 2026] [::1]:38372 Closing
[Mon Jan 26 13:51:31 2026] [::1]:38380 Accepted
[Mon Jan 26 13:51:31 2026] [::1]:38380 [200]: GET /assets/css/modern.css
[Mon Jan 26 13:51:31 2026] [::1]:38380 Closing
[Mon Jan 26 13:51:32 2026] [::1]:38388 Accepted
[Mon Jan 26 13:51:32 2026] [::1]:38388 [200]: POST /modules/exam/manage_subjects.php
[Mon Jan 26 13:51:32 2026] [::1]:38388 Closing
[Mon Jan 26 13:51:32 2026] [::1]:38398 Accepted
[Mon Jan 26 13:51:32 2026] [::1]:38398 [200]: GET /assets/css/modern.css
[Mon Jan 26 13:51:32 2026] [::1]:38398 Closing
[Mon Jan 26 13:51:33 2026] [::1]:38402 Accepted
[Mon Jan 26 13:51:33 2026] [::1]:38402 [200]: GET /modules/exam/manage_exams.php
[Mon Jan 26 13:51:33 2026] [::1]:38402 Closing
[Mon Jan 26 13:51:33 2026] [::1]:38404 Accepted
[Mon Jan 26 13:51:33 2026] [::1]:38404 [200]: GET /assets/css/modern.css
[Mon Jan 26 13:51:33 2026] [::1]:38404 Closing
[Mon Jan 26 13:51:33 2026] [::1]:38412 Accepted
[Mon Jan 26 13:51:33 2026] [::1]:38412 [200]: POST /modules/exam/manage_exams.php
[Mon Jan 26 13:51:33 2026] [::1]:38412 Closing
[Mon Jan 26 13:51:33 2026] [::1]:38422 Accepted
[Mon Jan 26 13:51:33 2026] [::1]:38422 [200]: GET /assets/css/modern.css
[Mon Jan 26 13:51:33 2026] [::1]:38422 Closing
[Mon Jan 26 13:51:35 2026] [::1]:38436 Accepted
[Mon Jan 26 13:51:35 2026] [::1]:38436 [200]: GET /modules/exam/timetable.php?exam_id=3
[Mon Jan 26 13:51:35 2026] [::1]:38436 Closing
[Mon Jan 26 13:51:35 2026] [::1]:38444 Accepted
[Mon Jan 26 13:51:35 2026] [::1]:38444 [200]: GET /assets/css/modern.css
[Mon Jan 26 13:51:35 2026] [::1]:38444 Closing
[Mon Jan 26 13:51:35 2026] [::1]:38448 Accepted
[Mon Jan 26 13:51:35 2026] [::1]:38448 [200]: POST /modules/exam/timetable.php?exam_id=3
[Mon Jan 26 13:51:35 2026] [::1]:38448 Closing
[Mon Jan 26 13:51:35 2026] [::1]:38462 Accepted
[Mon Jan 26 13:51:35 2026] [::1]:38462 [200]: GET /assets/css/modern.css
[Mon Jan 26 13:51:35 2026] [::1]:38462 Closing
[Mon Jan 26 13:51:36 2026] [::1]:38464 Accepted
[Mon Jan 26 13:51:36 2026] [::1]:38464 [302]: GET /logout.php
[Mon Jan 26 13:51:36 2026] [::1]:38464 Closing
[Mon Jan 26 13:51:36 2026] [::1]:38478 Accepted
[Mon Jan 26 13:51:36 2026] [::1]:38478 [200]: GET /login.php
[Mon Jan 26 13:51:36 2026] [::1]:38478 Closing
[Mon Jan 26 13:51:36 2026] [::1]:38480 Accepted
[Mon Jan 26 13:51:36 2026] [::1]:38480 [200]: GET /assets/css/modern.css
[Mon Jan 26 13:51:36 2026] [::1]:38480 Closing
[Mon Jan 26 13:51:36 2026] [::1]:38482 Accepted
[Mon Jan 26 13:51:36 2026] [::1]:38482 [200]: GET /login.php
[Mon Jan 26 13:51:36 2026] [::1]:38482 Closing
[Mon Jan 26 13:51:36 2026] [::1]:38484 Accepted
[Mon Jan 26 13:51:36 2026] [::1]:38484 [200]: GET /assets/css/modern.css
[Mon Jan 26 13:51:36 2026] [::1]:38484 Closing
[Mon Jan 26 13:51:36 2026] [::1]:38500 Accepted
[Mon Jan 26 13:51:36 2026] [::1]:38500 [302]: POST /login.php
[Mon Jan 26 13:51:36 2026] [::1]:38500 Closing
[Mon Jan 26 13:51:36 2026] [::1]:38502 Accepted
[Mon Jan 26 13:51:36 2026] [::1]:38502 [200]: GET /
[Mon Jan 26 13:51:36 2026] [::1]:38502 Closing
[Mon Jan 26 13:51:36 2026] [::1]:38518 Accepted
[Mon Jan 26 13:51:36 2026] [::1]:38518 [200]: GET /assets/css/modern.css
[Mon Jan 26 13:51:36 2026] [::1]:38518 Closing
[Mon Jan 26 13:51:36 2026] [::1]:38526 Accepted
[Mon Jan 26 13:51:36 2026] [::1]:38526 [200]: GET /modules/exam/admit_card.php
[Mon Jan 26 13:51:36 2026] [::1]:38526 Closing
[Mon Jan 26 13:51:36 2026] [::1]:38542 Accepted
[Mon Jan 26 13:51:36 2026] [::1]:38542 [200]: GET /assets/css/modern.css
[Mon Jan 26 13:51:36 2026] [::1]:38542 Closing
[Mon Jan 26 13:51:36 2026] [::1]:38550 Accepted
[Mon Jan 26 13:51:36 2026] [::1]:38550 [200]: GET /modules/exam/admit_card.php?exam_id=1
[Mon Jan 26 13:51:36 2026] [::1]:38550 Closing
[Mon Jan 26 13:51:36 2026] [::1]:38560 Accepted
[Mon Jan 26 13:51:36 2026] [::1]:38560 [302]: GET /logout.php
[Mon Jan 26 13:51:36 2026] [::1]:38560 Closing
[Mon Jan 26 13:51:36 2026] [::1]:38572 Accepted
[Mon Jan 26 13:51:36 2026] [::1]:38572 [200]: GET /login.php
[Mon Jan 26 13:51:36 2026] [::1]:38572 Closing
[Mon Jan 26 13:51:36 2026] [::1]:38586 Accepted
[Mon Jan 26 13:51:36 2026] [::1]:38586 [200]: GET /assets/css/modern.css
[Mon Jan 26 13:51:36 2026] [::1]:38586 Closing
[Mon Jan 26 13:51:36 2026] [::1]:38596 Accepted
[Mon Jan 26 13:51:36 2026] [::1]:38596 [200]: GET /login.php
[Mon Jan 26 13:51:36 2026] [::1]:38596 Closing
[Mon Jan 26 13:51:36 2026] [::1]:38600 Accepted
[Mon Jan 26 13:51:36 2026] [::1]:38600 [200]: GET /assets/css/modern.css
[Mon Jan 26 13:51:36 2026] [::1]:38600 Closing
[Mon Jan 26 13:51:36 2026] [::1]:38614 Accepted
[Mon Jan 26 13:51:37 2026] [::1]:38614 [302]: POST /login.php
[Mon Jan 26 13:51:37 2026] [::1]:38614 Closing
[Mon Jan 26 13:51:37 2026] [::1]:38628 Accepted
[Mon Jan 26 13:51:37 2026] [::1]:38628 [200]: GET /
[Mon Jan 26 13:51:37 2026] [::1]:38628 Closing
[Mon Jan 26 13:51:37 2026] [::1]:38630 Accepted
[Mon Jan 26 13:51:37 2026] [::1]:38630 [200]: GET /assets/css/modern.css
[Mon Jan 26 13:51:37 2026] [::1]:38630 Closing
[Mon Jan 26 13:51:37 2026] [::1]:38638 Accepted
[Mon Jan 26 13:51:37 2026] [::1]:38638 [200]: GET /modules/exam/marks_entry.php
[Mon Jan 26 13:51:37 2026] [::1]:38638 Closing
[Mon Jan 26 13:51:37 2026] [::1]:38650 Accepted
[Mon Jan 26 13:51:37 2026] [::1]:38650 [200]: GET /assets/css/modern.css
[Mon Jan 26 13:51:37 2026] [::1]:38650 Closing
[Mon Jan 26 13:51:37 2026] [::1]:38660 Accepted
[Mon Jan 26 13:51:37 2026] [::1]:38660 [200]: GET /modules/exam/marks_entry.php?exam_id=3&subject_id=1
[Mon Jan 26 13:51:37 2026] [::1]:38660 Closing
[Mon Jan 26 13:51:37 2026] [::1]:38668 Accepted
[Mon Jan 26 13:51:37 2026] [::1]:38668 [200]: GET /assets/css/modern.css
[Mon Jan 26 13:51:37 2026] [::1]:38668 Closing
[Mon Jan 26 13:51:37 2026] [::1]:38682 Accepted
[Mon Jan 26 13:51:37 2026] [::1]:38682 [200]: POST /modules/exam/marks_entry.php?exam_id=3&subject_id=1
[Mon Jan 26 13:51:37 2026] [::1]:38682 Closing
[Mon Jan 26 13:51:37 2026] [::1]:38694 Accepted
[Mon Jan 26 13:51:37 2026] [::1]:38694 [200]: GET /assets/css/modern.css
[Mon Jan 26 13:51:37 2026] [::1]:38694 Closing
[Mon Jan 26 13:51:38 2026] [::1]:35262 Accepted
[Mon Jan 26 13:51:38 2026] [::1]:35262 [302]: GET /logout.php
[Mon Jan 26 13:51:38 2026] [::1]:35262 Closing
[Mon Jan 26 13:51:38 2026] [::1]:35272 Accepted
[Mon Jan 26 13:51:38 2026] [::1]:35272 [200]: GET /login.php
[Mon Jan 26 13:51:38 2026] [::1]:35272 Closing
[Mon Jan 26 13:51:38 2026] [::1]:35288 Accepted
[Mon Jan 26 13:51:38 2026] [::1]:35288 [200]: GET /assets/css/modern.css
[Mon Jan 26 13:51:38 2026] [::1]:35288 Closing
[Mon Jan 26 13:51:38 2026] [::1]:35292 Accepted
[Mon Jan 26 13:51:38 2026] [::1]:35292 [200]: GET /login.php
[Mon Jan 26 13:51:38 2026] [::1]:35292 Closing
[Mon Jan 26 13:51:38 2026] [::1]:35306 Accepted
[Mon Jan 26 13:51:38 2026] [::1]:35306 [200]: GET /assets/css/modern.css
[Mon Jan 26 13:51:38 2026] [::1]:35306 Closing
[Mon Jan 26 13:51:38 2026] [::1]:35318 Accepted
[Mon Jan 26 13:51:38 2026] [::1]:35318 [302]: POST /login.php
[Mon Jan 26 13:51:38 2026] [::1]:35318 Closing
[Mon Jan 26 13:51:38 2026] [::1]:35324 Accepted
[Mon Jan 26 13:51:38 2026] [::1]:35324 [200]: GET /
[Mon Jan 26 13:51:38 2026] [::1]:35324 Closing
[Mon Jan 26 13:51:38 2026] [::1]:35338 Accepted
[Mon Jan 26 13:51:38 2026] [::1]:35338 [200]: GET /assets/css/modern.css
[Mon Jan 26 13:51:38 2026] [::1]:35338 Closing
[Mon Jan 26 13:51:38 2026] [::1]:35346 Accepted
[Mon Jan 26 13:51:38 2026] [::1]:35346 [200]: GET /modules/exam/results.php
[Mon Jan 26 13:51:38 2026] [::1]:35346 Closing
[Mon Jan 26 13:51:38 2026] [::1]:35358 Accepted
[Mon Jan 26 13:51:38 2026] [::1]:35358 [200]: GET /assets/css/modern.css
[Mon Jan 26 13:51:38 2026] [::1]:35358 Closing
[Mon Jan 26 13:51:38 2026] [::1]:35368 Accepted
[Mon Jan 26 13:51:38 2026] [::1]:35368 [200]: GET /modules/exam/results.php?exam_id=3
[Mon Jan 26 13:51:38 2026] [::1]:35368 Closing
[Mon Jan 26 13:53:30 2026] [::1]:60518 Accepted
[Mon Jan 26 13:53:30 2026] [::1]:60518 [200]: GET /login.php
[Mon Jan 26 13:53:30 2026] [::1]:60518 Closing
[Mon Jan 26 13:53:30 2026] [::1]:60522 Accepted
[Mon Jan 26 13:53:30 2026] [::1]:60522 [200]: GET /assets/css/modern.css
[Mon Jan 26 13:53:30 2026] [::1]:60522 Closing
[Mon Jan 26 13:53:31 2026] [::1]:60526 Accepted
[Mon Jan 26 13:53:31 2026] [::1]:60526 [302]: POST /login.php
[Mon Jan 26 13:53:31 2026] [::1]:60526 Closing
[Mon Jan 26 13:53:31 2026] [::1]:60528 Accepted
[Mon Jan 26 13:53:31 2026] [::1]:60528 [200]: GET /
[Mon Jan 26 13:53:31 2026] [::1]:60528 Closing
[Mon Jan 26 13:53:31 2026] [::1]:60544 Accepted
[Mon Jan 26 13:53:31 2026] [::1]:60544 [200]: GET /assets/css/modern.css
[Mon Jan 26 13:53:31 2026] [::1]:60544 Closing
[Mon Jan 26 13:53:31 2026] [::1]:60556 Accepted
[Mon Jan 26 13:53:31 2026] [::1]:60556 [200]: GET /modules/exam/manage_subjects.php
[Mon Jan 26 13:53:31 2026] [::1]:60556 Closing
[Mon Jan 26 13:53:31 2026] [::1]:60566 Accepted
[Mon Jan 26 13:53:31 2026] [::1]:60566 [200]: GET /assets/css/modern.css
[Mon Jan 26 13:53:31 2026] [::1]:60566 Closing
[Mon Jan 26 13:53:31 2026] [::1]:60570 Accepted
[Mon Jan 26 13:53:31 2026] [::1]:60570 [200]: POST /modules/exam/manage_subjects.php
[Mon Jan 26 13:53:31 2026] [::1]:60570 Closing
[Mon Jan 26 13:53:31 2026] [::1]:60574 Accepted
[Mon Jan 26 13:53:31 2026] [::1]:60574 [200]: GET /assets/css/modern.css
[Mon Jan 26 13:53:31 2026] [::1]:60574 Closing
[Mon Jan 26 13:53:32 2026] [::1]:60590 Accepted
[Mon Jan 26 13:53:32 2026] [::1]:60590 [200]: GET /modules/exam/manage_exams.php
[Mon Jan 26 13:53:32 2026] [::1]:60590 Closing
[Mon Jan 26 13:53:32 2026] [::1]:60598 Accepted
[Mon Jan 26 13:53:32 2026] [::1]:60598 [200]: GET /assets/css/modern.css
[Mon Jan 26 13:53:32 2026] [::1]:60598 Closing
[Mon Jan 26 13:53:33 2026] [::1]:60602 Accepted
[Mon Jan 26 13:53:33 2026] [::1]:60602 [200]: POST /modules/exam/manage_exams.php
[Mon Jan 26 13:53:33 2026] [::1]:60602 Closing
[Mon Jan 26 13:53:33 2026] [::1]:60604 Accepted
[Mon Jan 26 13:53:33 2026] [::1]:60604 [200]: GET /assets/css/modern.css
[Mon Jan 26 13:53:33 2026] [::1]:60604 Closing
[Mon Jan 26 13:53:34 2026] [::1]:60612 Accepted
[Mon Jan 26 13:53:34 2026] [::1]:60612 [200]: GET /modules/exam/timetable.php?exam_id=4
[Mon Jan 26 13:53:34 2026] [::1]:60612 Closing
[Mon Jan 26 13:53:34 2026] [::1]:60620 Accepted
[Mon Jan 26 13:53:34 2026] [::1]:60620 [200]: GET /assets/css/modern.css
[Mon Jan 26 13:53:34 2026] [::1]:60620 Closing
[Mon Jan 26 13:53:34 2026] [::1]:60624 Accepted
[Mon Jan 26 13:53:34 2026] [::1]:60624 [200]: POST /modules/exam/timetable.php?exam_id=4
[Mon Jan 26 13:53:34 2026] [::1]:60624 Closing
[Mon Jan 26 13:53:34 2026] [::1]:60628 Accepted
[Mon Jan 26 13:53:34 2026] [::1]:60628 [200]: GET /assets/css/modern.css
[Mon Jan 26 13:53:34 2026] [::1]:60628 Closing
[Mon Jan 26 13:53:35 2026] [::1]:60640 Accepted
[Mon Jan 26 13:53:35 2026] [::1]:60640 [302]: GET /logout.php
[Mon Jan 26 13:53:35 2026] [::1]:60640 Closing
[Mon Jan 26 13:53:35 2026] [::1]:60652 Accepted
[Mon Jan 26 13:53:35 2026] [::1]:60652 [200]: GET /login.php
[Mon Jan 26 13:53:35 2026] [::1]:60652 Closing
[Mon Jan 26 13:53:35 2026] [::1]:60658 Accepted
[Mon Jan 26 13:53:35 2026] [::1]:60658 [200]: GET /assets/css/modern.css
[Mon Jan 26 13:53:35 2026] [::1]:60658 Closing
[Mon Jan 26 13:53:35 2026] [::1]:60674 Accepted
[Mon Jan 26 13:53:35 2026] [::1]:60674 [200]: GET /login.php
[Mon Jan 26 13:53:35 2026] [::1]:60674 Closing
[Mon Jan 26 13:53:35 2026] [::1]:60678 Accepted
[Mon Jan 26 13:53:35 2026] [::1]:60678 [200]: GET /assets/css/modern.css
[Mon Jan 26 13:53:35 2026] [::1]:60678 Closing
[Mon Jan 26 13:53:35 2026] [::1]:60684 Accepted
[Mon Jan 26 13:53:36 2026] [::1]:60684 [302]: POST /login.php
[Mon Jan 26 13:53:36 2026] [::1]:60684 Closing
[Mon Jan 26 13:53:36 2026] [::1]:60688 Accepted
[Mon Jan 26 13:53:36 2026] [::1]:60688 [200]: GET /
[Mon Jan 26 13:53:36 2026] [::1]:60688 Closing
[Mon Jan 26 13:53:36 2026] [::1]:60690 Accepted
[Mon Jan 26 13:53:36 2026] [::1]:60690 [200]: GET /assets/css/modern.css
[Mon Jan 26 13:53:36 2026] [::1]:60690 Closing
[Mon Jan 26 13:53:36 2026] [::1]:60704 Accepted
[Mon Jan 26 13:53:36 2026] [::1]:60704 [200]: GET /modules/exam/admit_card.php
[Mon Jan 26 13:53:36 2026] [::1]:60704 Closing
[Mon Jan 26 13:53:36 2026] [::1]:60708 Accepted
[Mon Jan 26 13:53:36 2026] [::1]:60708 [200]: GET /assets/css/modern.css
[Mon Jan 26 13:53:36 2026] [::1]:60708 Closing
[Mon Jan 26 13:53:36 2026] [::1]:60714 Accepted
[Mon Jan 26 13:53:36 2026] [::1]:60714 [200]: GET /modules/exam/admit_card.php?exam_id=1
[Mon Jan 26 13:53:36 2026] [::1]:60714 Closing
[Mon Jan 26 13:53:36 2026] [::1]:60716 Accepted
[Mon Jan 26 13:53:36 2026] [::1]:60716 [302]: GET /logout.php
[Mon Jan 26 13:53:36 2026] [::1]:60716 Closing
[Mon Jan 26 13:53:36 2026] [::1]:60728 Accepted
[Mon Jan 26 13:53:36 2026] [::1]:60728 [200]: GET /login.php
[Mon Jan 26 13:53:36 2026] [::1]:60728 Closing
[Mon Jan 26 13:53:36 2026] [::1]:60744 Accepted
[Mon Jan 26 13:53:36 2026] [::1]:60744 [200]: GET /assets/css/modern.css
[Mon Jan 26 13:53:36 2026] [::1]:60744 Closing
[Mon Jan 26 13:53:36 2026] [::1]:60750 Accepted
[Mon Jan 26 13:53:36 2026] [::1]:60750 [200]: GET /login.php
[Mon Jan 26 13:53:36 2026] [::1]:60750 Closing
[Mon Jan 26 13:53:36 2026] [::1]:60752 Accepted
[Mon Jan 26 13:53:36 2026] [::1]:60752 [200]: GET /assets/css/modern.css
[Mon Jan 26 13:53:36 2026] [::1]:60752 Closing
[Mon Jan 26 13:53:36 2026] [::1]:60754 Accepted
[Mon Jan 26 13:53:36 2026] [::1]:60754 [302]: POST /login.php
[Mon Jan 26 13:53:36 2026] [::1]:60754 Closing
[Mon Jan 26 13:53:36 2026] [::1]:60766 Accepted
[Mon Jan 26 13:53:36 2026] [::1]:60766 [200]: GET /
[Mon Jan 26 13:53:36 2026] [::1]:60766 Closing
[Mon Jan 26 13:53:36 2026] [::1]:60782 Accepted
[Mon Jan 26 13:53:36 2026] [::1]:60782 [200]: GET /assets/css/modern.css
[Mon Jan 26 13:53:36 2026] [::1]:60782 Closing
[Mon Jan 26 13:53:36 2026] [::1]:60788 Accepted
[Mon Jan 26 13:53:36 2026] [::1]:60788 [200]: GET /modules/exam/marks_entry.php
[Mon Jan 26 13:53:36 2026] [::1]:60788 Closing
[Mon Jan 26 13:53:36 2026] [::1]:60794 Accepted
[Mon Jan 26 13:53:36 2026] [::1]:60794 [200]: GET /assets/css/modern.css
[Mon Jan 26 13:53:36 2026] [::1]:60794 Closing
[Mon Jan 26 13:53:36 2026] [::1]:60798 Accepted
[Mon Jan 26 13:53:36 2026] [::1]:60798 [200]: GET /modules/exam/marks_entry.php?exam_id=3&subject_id=1
[Mon Jan 26 13:53:36 2026] [::1]:60798 Closing
[Mon Jan 26 13:53:36 2026] [::1]:60800 Accepted
[Mon Jan 26 13:53:36 2026] [::1]:60800 [200]: GET /assets/css/modern.css
[Mon Jan 26 13:53:36 2026] [::1]:60800 Closing
[Mon Jan 26 13:53:36 2026] [::1]:60806 Accepted
[Mon Jan 26 13:53:36 2026] [::1]:60806 [200]: POST /modules/exam/marks_entry.php?exam_id=3&subject_id=1
[Mon Jan 26 13:53:36 2026] [::1]:60806 Closing
[Mon Jan 26 13:53:36 2026] [::1]:60812 Accepted
[Mon Jan 26 13:53:36 2026] [::1]:60812 [200]: GET /assets/css/modern.css
[Mon Jan 26 13:53:36 2026] [::1]:60812 Closing
[Mon Jan 26 13:53:37 2026] [::1]:60816 Accepted
[Mon Jan 26 13:53:37 2026] [::1]:60816 [302]: GET /logout.php
[Mon Jan 26 13:53:37 2026] [::1]:60816 Closing
[Mon Jan 26 13:53:37 2026] [::1]:60832 Accepted
[Mon Jan 26 13:53:37 2026] [::1]:60832 [200]: GET /login.php
[Mon Jan 26 13:53:37 2026] [::1]:60832 Closing
[Mon Jan 26 13:53:37 2026] [::1]:60838 Accepted
[Mon Jan 26 13:53:37 2026] [::1]:60838 [200]: GET /assets/css/modern.css
[Mon Jan 26 13:53:37 2026] [::1]:60838 Closing
[Mon Jan 26 13:53:37 2026] [::1]:60852 Accepted
[Mon Jan 26 13:53:37 2026] [::1]:60852 [200]: GET /login.php
[Mon Jan 26 13:53:37 2026] [::1]:60852 Closing
[Mon Jan 26 13:53:37 2026] [::1]:60860 Accepted
[Mon Jan 26 13:53:37 2026] [::1]:60860 [200]: GET /assets/css/modern.css
[Mon Jan 26 13:53:37 2026] [::1]:60860 Closing
[Mon Jan 26 13:53:38 2026] [::1]:47158 Accepted
[Mon Jan 26 13:53:38 2026] [::1]:47158 [302]: POST /login.php
[Mon Jan 26 13:53:38 2026] [::1]:47158 Closing
[Mon Jan 26 13:53:38 2026] [::1]:47166 Accepted
[Mon Jan 26 13:53:38 2026] [::1]:47166 [200]: GET /
[Mon Jan 26 13:53:38 2026] [::1]:47166 Closing
[Mon Jan 26 13:53:38 2026] [::1]:47176 Accepted
[Mon Jan 26 13:53:38 2026] [::1]:47176 [200]: GET /assets/css/modern.css
[Mon Jan 26 13:53:38 2026] [::1]:47176 Closing
[Mon Jan 26 13:53:38 2026] [::1]:47184 Accepted
[Mon Jan 26 13:53:38 2026] [::1]:47184 [200]: GET /modules/exam/results.php
[Mon Jan 26 13:53:38 2026] [::1]:47184 Closing
[Mon Jan 26 13:53:38 2026] [::1]:47190 Accepted
[Mon Jan 26 13:53:38 2026] [::1]:47190 [200]: GET /assets/css/modern.css
[Mon Jan 26 13:53:38 2026] [::1]:47190 Closing
[Mon Jan 26 13:53:38 2026] [::1]:47192 Accepted
[Mon Jan 26 13:53:38 2026] [::1]:47192 [200]: GET /modules/exam/results.php?exam_id=3
[Mon Jan 26 13:53:38 2026] [::1]:47192 Closing
